  A03.cpp
C:\Users\frapo\OneDrive\Documenti\AssignmentsCG\A03\AXX\Starter.hpp(277,20): warning C4099: 'Model': type name first seen using 'struct' now seen using 'class'
C:\Users\frapo\OneDrive\Documenti\AssignmentsCG\A03\AXX\Starter.hpp(170,8): message : see declaration of 'Model'
C:\Users\frapo\OneDrive\Documenti\AssignmentsCG\A03\AXX\Starter.hpp(278,22): warning C4099: 'Texture': type name first seen using 'struct' now seen using 'class'
C:\Users\frapo\OneDrive\Documenti\AssignmentsCG\A03\AXX\Starter.hpp(188,8): message : see declaration of 'Texture'
C:\Users\frapo\OneDrive\Documenti\AssignmentsCG\A03\AXX\Starter.hpp(279,23): warning C4099: 'Pipeline': type name first seen using 'struct' now seen using 'class'
C:\Users\frapo\OneDrive\Documenti\AssignmentsCG\A03\AXX\Starter.hpp(222,8): message : see declaration of 'Pipeline'
C:\Users\frapo\OneDrive\Documenti\AssignmentsCG\A03\AXX\Starter.hpp(280,34): warning C4099: 'DescriptorSetLayout': type name first seen using 'struct' now seen using 'class'
C:\Users\frapo\OneDrive\Documenti\AssignmentsCG\A03\AXX\Starter.hpp(214,8): message : see declaration of 'DescriptorSetLayout'
C:\Users\frapo\OneDrive\Documenti\AssignmentsCG\A03\AXX\Starter.hpp(281,28): warning C4099: 'DescriptorSet': type name first seen using 'struct' now seen using 'class'
C:\Users\frapo\OneDrive\Documenti\AssignmentsCG\A03\AXX\Starter.hpp(258,8): message : see declaration of 'DescriptorSet'
C:\Users\frapo\OneDrive\Documenti\AssignmentsCG\A03\AXX\Starter.hpp(1437,1): warning C4267: 'argument': conversion from 'size_t' to 'int', possible loss of data
C:\Users\frapo\OneDrive\Documenti\AssignmentsCG\A03\AXX\Starter.hpp(1705,39): warning C4267: 'argument': conversion from 'size_t' to '_Ty', possible loss of data
          with
          [
              _Ty=unsigned int
          ]
C:\Users\frapo\OneDrive\Documenti\AssignmentsCG\A03\AXX\Starter.hpp(2059,48): warning C4267: '=': conversion from 'size_t' to 'uint32_t', possible loss of data
C:\Users\frapo\OneDrive\Documenti\AssignmentsCG\A03\AXX\TextMaker.hpp(9,483): warning C4305: 'initializing': truncation from 'double' to 'const float'
C:\Users\frapo\OneDrive\Documenti\AssignmentsCG\A03\AXX\TextMaker.hpp(97,21): warning C4267: '+=': conversion from 'size_t' to 'int', possible loss of data
C:\Users\frapo\OneDrive\Documenti\AssignmentsCG\A03\AXX\TextMaker.hpp(106,1): warning C4305: 'initializing': truncation from 'double' to 'float'
C:\Users\frapo\OneDrive\Documenti\AssignmentsCG\A03\AXX\TextMaker.hpp(107,1): warning C4305: 'initializing': truncation from 'double' to 'float'
C:\Users\frapo\OneDrive\Documenti\AssignmentsCG\A03\AXX\TextMaker.hpp(108,1): warning C4305: 'initializing': truncation from 'double' to 'float'
C:\Users\frapo\OneDrive\Documenti\AssignmentsCG\A03\AXX\TextMaker.hpp(109,1): warning C4305: 'initializing': truncation from 'double' to 'float'
LINK : warning LNK4098: defaultlib 'MSVCRT' conflicts with use of other libs; use /NODEFAULTLIB:library
  AXX.vcxproj -> C:\Users\frapo\OneDrive\Documenti\AssignmentsCG\A03\x64\Debug\A03.exe
