  A15.cpp
C:\Users\frapo\OneDrive\Documenti\AssignmentsCG\A15\Starter.hpp(300,22): warning C4099: 'Texture': type name first seen using 'struct' now seen using 'class'
C:\Users\frapo\OneDrive\Documenti\AssignmentsCG\A15\Starter.hpp(207,8): message : see declaration of 'Texture'
C:\Users\frapo\OneDrive\Documenti\AssignmentsCG\A15\Starter.hpp(301,23): warning C4099: 'Pipeline': type name first seen using 'struct' now seen using 'class'
C:\Users\frapo\OneDrive\Documenti\AssignmentsCG\A15\Starter.hpp(241,8): message : see declaration of 'Pipeline'
C:\Users\frapo\OneDrive\Documenti\AssignmentsCG\A15\Starter.hpp(302,34): warning C4099: 'DescriptorSetLayout': type name first seen using 'struct' now seen using 'class'
C:\Users\frapo\OneDrive\Documenti\AssignmentsCG\A15\Starter.hpp(233,8): message : see declaration of 'DescriptorSetLayout'
C:\Users\frapo\OneDrive\Documenti\AssignmentsCG\A15\Starter.hpp(303,28): warning C4099: 'DescriptorSet': type name first seen using 'struct' now seen using 'class'
C:\Users\frapo\OneDrive\Documenti\AssignmentsCG\A15\Starter.hpp(280,8): message : see declaration of 'DescriptorSet'
C:\Users\frapo\OneDrive\Documenti\AssignmentsCG\A15\Starter.hpp(304,31): warning C4099: 'VertexDescriptor': type name first seen using 'struct' now seen using 'class'
C:\Users\frapo\OneDrive\Documenti\AssignmentsCG\A15\Starter.hpp(162,8): message : see declaration of 'VertexDescriptor'
C:\Users\frapo\OneDrive\Documenti\AssignmentsCG\A15\Starter.hpp(1522,1): warning C4267: 'argument': conversion from 'size_t' to 'int', possible loss of data
C:\Users\frapo\OneDrive\Documenti\AssignmentsCG\A15\Starter.hpp(1813,16): warning C4244: '=': conversion from 'double' to 'T', possible loss of data
          with
          [
              T=float
          ]
C:\Users\frapo\OneDrive\Documenti\AssignmentsCG\A15\Starter.hpp(1814,16): warning C4244: '=': conversion from 'double' to 'T', possible loss of data
          with
          [
              T=float
          ]
C:\Users\frapo\OneDrive\Documenti\AssignmentsCG\A15\Starter.hpp(2573,48): warning C4267: '=': conversion from 'size_t' to 'uint32_t', possible loss of data
C:\Users\frapo\OneDrive\Documenti\AssignmentsCG\A15\TextMaker.hpp(9,483): warning C4305: 'initializing': truncation from 'double' to 'const float'
C:\Users\frapo\OneDrive\Documenti\AssignmentsCG\A15\TextMaker.hpp(102,21): warning C4267: '+=': conversion from 'size_t' to 'int', possible loss of data
C:\Users\frapo\OneDrive\Documenti\AssignmentsCG\A15\TextMaker.hpp(111,1): warning C4305: 'initializing': truncation from 'double' to 'float'
C:\Users\frapo\OneDrive\Documenti\AssignmentsCG\A15\TextMaker.hpp(112,1): warning C4305: 'initializing': truncation from 'double' to 'float'
C:\Users\frapo\OneDrive\Documenti\AssignmentsCG\A15\TextMaker.hpp(113,1): warning C4305: 'initializing': truncation from 'double' to 'float'
C:\Users\frapo\OneDrive\Documenti\AssignmentsCG\A15\TextMaker.hpp(114,1): warning C4305: 'initializing': truncation from 'double' to 'float'
C:\Users\frapo\OneDrive\Documenti\AssignmentsCG\A15\primGen.hpp(100,11): warning C4244: 'initializing': conversion from 'float' to 'int', possible loss of data
C:\Users\frapo\OneDrive\Documenti\AssignmentsCG\A15\primGen.hpp(114,12): warning C4244: 'initializing': conversion from 'float' to 'int', possible loss of data
C:\Users\frapo\OneDrive\Documenti\AssignmentsCG\A15\primGen.hpp(121,17): warning C4244: '=': conversion from 'double' to 'float', possible loss of data
C:\Users\frapo\OneDrive\Documenti\AssignmentsCG\A15\primGen.hpp(131,16): warning C4244: '=': conversion from 'double' to 'float', possible loss of data
  AXX.vcxproj -> C:\Users\frapo\OneDrive\Documenti\AssignmentsCG\A15\x64\Debug\A15.exe
