C:\Program Files\Microsoft Visual Studio\2022\Community\MSBuild\Microsoft\VC\v170\Microsoft.CppBuild.targets(517,5): warning MSB8028: The intermediate directory (x64\Debug\) contains files shared from another project (AXX.vcxproj).  This can lead to incorrect clean and rebuild behavior.
  A16.cpp
C:\Users\frapo\OneDrive\Documenti\AssignmentsCG\A16\AXX\Starter.hpp(308,31): warning C4099: 'VertexDescriptor': type name first seen using 'struct' now seen using 'class'
C:\Users\frapo\OneDrive\Documenti\AssignmentsCG\A16\AXX\Starter.hpp(162,8): message : see declaration of 'VertexDescriptor'
C:\Users\frapo\OneDrive\Documenti\AssignmentsCG\A16\AXX\Starter.hpp(310,22): warning C4099: 'Texture': type name first seen using 'struct' now seen using 'class'
C:\Users\frapo\OneDrive\Documenti\AssignmentsCG\A16\AXX\Starter.hpp(208,8): message : see declaration of 'Texture'
C:\Users\frapo\OneDrive\Documenti\AssignmentsCG\A16\AXX\Starter.hpp(311,23): warning C4099: 'Pipeline': type name first seen using 'struct' now seen using 'class'
C:\Users\frapo\OneDrive\Documenti\AssignmentsCG\A16\AXX\Starter.hpp(250,8): message : see declaration of 'Pipeline'
C:\Users\frapo\OneDrive\Documenti\AssignmentsCG\A16\AXX\Starter.hpp(312,34): warning C4099: 'DescriptorSetLayout': type name first seen using 'struct' now seen using 'class'
C:\Users\frapo\OneDrive\Documenti\AssignmentsCG\A16\AXX\Starter.hpp(242,8): message : see declaration of 'DescriptorSetLayout'
C:\Users\frapo\OneDrive\Documenti\AssignmentsCG\A16\AXX\Starter.hpp(313,28): warning C4099: 'DescriptorSet': type name first seen using 'struct' now seen using 'class'
C:\Users\frapo\OneDrive\Documenti\AssignmentsCG\A16\AXX\Starter.hpp(289,8): message : see declaration of 'DescriptorSet'
C:\Users\frapo\OneDrive\Documenti\AssignmentsCG\A16\AXX\Starter.hpp(1531,1): warning C4267: 'argument': conversion from 'size_t' to 'int', possible loss of data
C:\Users\frapo\OneDrive\Documenti\AssignmentsCG\A16\AXX\Starter.hpp(1794,16): warning C4244: '=': conversion from 'double' to 'T', possible loss of data
          with
          [
              T=float
          ]
C:\Users\frapo\OneDrive\Documenti\AssignmentsCG\A16\AXX\Starter.hpp(1795,16): warning C4244: '=': conversion from 'double' to 'T', possible loss of data
          with
          [
              T=float
          ]
C:\Users\frapo\OneDrive\Documenti\AssignmentsCG\A16\AXX\Starter.hpp(1836,1): warning C4554: '|': check operator precedence for possible error; use parentheses to clarify precedence
C:\Users\frapo\OneDrive\Documenti\AssignmentsCG\A16\AXX\Starter.hpp(2607,48): warning C4267: '=': conversion from 'size_t' to 'uint32_t', possible loss of data
C:\Users\frapo\OneDrive\Documenti\AssignmentsCG\A16\AXX\Starter.hpp(2050,1): warning C4267: 'argument': conversion from 'size_t' to '_Ty', possible loss of data
          with
          [
              _Ty=unsigned int
          ]
C:\Users\frapo\OneDrive\Documenti\AssignmentsCG\A16\AXX\Starter.hpp(1991,50): message : while compiling class template member function 'void Model<VertexMesh>::loadModelOBJ(std::string)'
C:\Users\frapo\OneDrive\Documenti\AssignmentsCG\A16\AXX\Starter.hpp(2272,15): message : see reference to function template instantiation 'void Model<VertexMesh>::loadModelOBJ(std::string)' being compiled
C:\Users\frapo\OneDrive\Documenti\AssignmentsCG\A16\AXX\Starter.hpp(2268,95): message : while compiling class template member function 'void Model<VertexMesh>::init(BaseProject *,VertexDescriptor *,std::string,ModelType)'
C:\Users\frapo\OneDrive\Documenti\AssignmentsCG\A16\AXX\A16.cpp(242,13): message : see reference to function template instantiation 'void Model<VertexMesh>::init(BaseProject *,VertexDescriptor *,std::string,ModelType)' being compiled
C:\Users\frapo\OneDrive\Documenti\AssignmentsCG\A16\AXX\A16.cpp(84,20): message : see reference to class template instantiation 'Model<VertexMesh>' being compiled
C:\Users\frapo\OneDrive\Documenti\AssignmentsCG\A16\AXX\Starter.hpp(2099,1): warning C4267: '=': conversion from 'size_t' to 'int', possible loss of data
C:\Users\frapo\OneDrive\Documenti\AssignmentsCG\A16\AXX\Starter.hpp(2059,51): message : while compiling class template member function 'void Model<VertexMesh>::loadModelGLTF(std::string)'
C:\Users\frapo\OneDrive\Documenti\AssignmentsCG\A16\AXX\Starter.hpp(2274,16): message : see reference to function template instantiation 'void Model<VertexMesh>::loadModelGLTF(std::string)' being compiled
C:\Users\frapo\OneDrive\Documenti\AssignmentsCG\A16\AXX\Starter.hpp(2113,1): warning C4267: '=': conversion from 'size_t' to 'int', possible loss of data
C:\Users\frapo\OneDrive\Documenti\AssignmentsCG\A16\AXX\Starter.hpp(2127,1): warning C4267: '=': conversion from 'size_t' to 'int', possible loss of data
C:\Users\frapo\OneDrive\Documenti\AssignmentsCG\A16\AXX\Starter.hpp(2141,1): warning C4267: '=': conversion from 'size_t' to 'int', possible loss of data
LINK : warning LNK4098: defaultlib 'MSVCRT' conflicts with use of other libs; use /NODEFAULTLIB:library
  AXX.vcxproj -> C:\Users\frapo\OneDrive\Documenti\AssignmentsCG\A16\x64\Debug\A16.exe
