  A12.cpp
C:\Users\frapo\OneDrive\Documenti\AssignmentsCG\A12\AXX\Starter.hpp(299,22): warning C4099: 'Texture': type name first seen using 'struct' now seen using 'class'
C:\Users\frapo\OneDrive\Documenti\AssignmentsCG\A12\AXX\Starter.hpp(206,8): message : see declaration of 'Texture'
C:\Users\frapo\OneDrive\Documenti\AssignmentsCG\A12\AXX\Starter.hpp(300,23): warning C4099: 'Pipeline': type name first seen using 'struct' now seen using 'class'
C:\Users\frapo\OneDrive\Documenti\AssignmentsCG\A12\AXX\Starter.hpp(240,8): message : see declaration of 'Pipeline'
C:\Users\frapo\OneDrive\Documenti\AssignmentsCG\A12\AXX\Starter.hpp(301,34): warning C4099: 'DescriptorSetLayout': type name first seen using 'struct' now seen using 'class'
C:\Users\frapo\OneDrive\Documenti\AssignmentsCG\A12\AXX\Starter.hpp(232,8): message : see declaration of 'DescriptorSetLayout'
C:\Users\frapo\OneDrive\Documenti\AssignmentsCG\A12\AXX\Starter.hpp(302,28): warning C4099: 'DescriptorSet': type name first seen using 'struct' now seen using 'class'
C:\Users\frapo\OneDrive\Documenti\AssignmentsCG\A12\AXX\Starter.hpp(279,8): message : see declaration of 'DescriptorSet'
C:\Users\frapo\OneDrive\Documenti\AssignmentsCG\A12\AXX\Starter.hpp(303,31): warning C4099: 'VertexDescriptor': type name first seen using 'struct' now seen using 'class'
C:\Users\frapo\OneDrive\Documenti\AssignmentsCG\A12\AXX\Starter.hpp(162,8): message : see declaration of 'VertexDescriptor'
C:\Users\frapo\OneDrive\Documenti\AssignmentsCG\A12\AXX\Starter.hpp(1521,1): warning C4267: 'argument': conversion from 'size_t' to 'int', possible loss of data
C:\Users\frapo\OneDrive\Documenti\AssignmentsCG\A12\AXX\Starter.hpp(1812,16): warning C4244: '=': conversion from 'double' to 'T', possible loss of data
          with
          [
              T=float
          ]
C:\Users\frapo\OneDrive\Documenti\AssignmentsCG\A12\AXX\Starter.hpp(1813,16): warning C4244: '=': conversion from 'double' to 'T', possible loss of data
          with
          [
              T=float
          ]
C:\Users\frapo\OneDrive\Documenti\AssignmentsCG\A12\AXX\Starter.hpp(2562,48): warning C4267: '=': conversion from 'size_t' to 'uint32_t', possible loss of data
C:\Users\frapo\OneDrive\Documenti\AssignmentsCG\A12\AXX\TextMaker.hpp(9,483): warning C4305: 'initializing': truncation from 'double' to 'const float'
C:\Users\frapo\OneDrive\Documenti\AssignmentsCG\A12\AXX\TextMaker.hpp(102,21): warning C4267: '+=': conversion from 'size_t' to 'int', possible loss of data
C:\Users\frapo\OneDrive\Documenti\AssignmentsCG\A12\AXX\TextMaker.hpp(111,1): warning C4305: 'initializing': truncation from 'double' to 'float'
C:\Users\frapo\OneDrive\Documenti\AssignmentsCG\A12\AXX\TextMaker.hpp(112,1): warning C4305: 'initializing': truncation from 'double' to 'float'
C:\Users\frapo\OneDrive\Documenti\AssignmentsCG\A12\AXX\TextMaker.hpp(113,1): warning C4305: 'initializing': truncation from 'double' to 'float'
C:\Users\frapo\OneDrive\Documenti\AssignmentsCG\A12\AXX\TextMaker.hpp(114,1): warning C4305: 'initializing': truncation from 'double' to 'float'
C:\Users\frapo\OneDrive\Documenti\AssignmentsCG\A12\AXX\Starter.hpp(2026,1): warning C4267: 'argument': conversion from 'size_t' to '_Ty', possible loss of data
          with
          [
              _Ty=unsigned int
          ]
C:\Users\frapo\OneDrive\Documenti\AssignmentsCG\A12\AXX\Starter.hpp(1976,50): message : while compiling class template member function 'void Model<VertexClassic>::loadModelOBJ(std::string)'
C:\Users\frapo\OneDrive\Documenti\AssignmentsCG\A12\AXX\Starter.hpp(2238,15): message : see reference to function template instantiation 'void Model<VertexClassic>::loadModelOBJ(std::string)' being compiled
C:\Users\frapo\OneDrive\Documenti\AssignmentsCG\A12\AXX\Starter.hpp(2234,95): message : while compiling class template member function 'void Model<VertexClassic>::init(BaseProject *,VertexDescriptor *,std::string,ModelType)'
C:\Users\frapo\OneDrive\Documenti\AssignmentsCG\A12\AXX\A12.cpp(163,10): message : see reference to function template instantiation 'void Model<VertexClassic>::init(BaseProject *,VertexDescriptor *,std::string,ModelType)' being compiled
C:\Users\frapo\OneDrive\Documenti\AssignmentsCG\A12\AXX\A12.cpp(55,23): message : see reference to class template instantiation 'Model<VertexClassic>' being compiled
C:\Users\frapo\OneDrive\Documenti\AssignmentsCG\A12\AXX\Starter.hpp(2075,1): warning C4267: '=': conversion from 'size_t' to 'int', possible loss of data
C:\Users\frapo\OneDrive\Documenti\AssignmentsCG\A12\AXX\Starter.hpp(2035,51): message : while compiling class template member function 'void Model<VertexClassic>::loadModelGLTF(std::string)'
C:\Users\frapo\OneDrive\Documenti\AssignmentsCG\A12\AXX\Starter.hpp(2240,16): message : see reference to function template instantiation 'void Model<VertexClassic>::loadModelGLTF(std::string)' being compiled
C:\Users\frapo\OneDrive\Documenti\AssignmentsCG\A12\AXX\Starter.hpp(2089,1): warning C4267: '=': conversion from 'size_t' to 'int', possible loss of data
C:\Users\frapo\OneDrive\Documenti\AssignmentsCG\A12\AXX\Starter.hpp(2103,1): warning C4267: '=': conversion from 'size_t' to 'int', possible loss of data
C:\Users\frapo\OneDrive\Documenti\AssignmentsCG\A12\AXX\Starter.hpp(2117,1): warning C4267: '=': conversion from 'size_t' to 'int', possible loss of data
LINK : warning LNK4098: defaultlib 'MSVCRT' conflicts with use of other libs; use /NODEFAULTLIB:library
  AXX.vcxproj -> C:\Users\frapo\OneDrive\Documenti\AssignmentsCG\A12\x64\Debug\A12.exe
