  A04.cpp
C:\Users\frapo\OneDrive\Documenti\AssignmentsCG\A04\AXX\Starter.hpp(277,20): warning C4099: 'Model': type name first seen using 'struct' now seen using 'class'
C:\Users\frapo\OneDrive\Documenti\AssignmentsCG\A04\AXX\Starter.hpp(170,8): message : see declaration of 'Model'
C:\Users\frapo\OneDrive\Documenti\AssignmentsCG\A04\AXX\Starter.hpp(278,22): warning C4099: 'Texture': type name first seen using 'struct' now seen using 'class'
C:\Users\frapo\OneDrive\Documenti\AssignmentsCG\A04\AXX\Starter.hpp(188,8): message : see declaration of 'Texture'
C:\Users\frapo\OneDrive\Documenti\AssignmentsCG\A04\AXX\Starter.hpp(279,23): warning C4099: 'Pipeline': type name first seen using 'struct' now seen using 'class'
C:\Users\frapo\OneDrive\Documenti\AssignmentsCG\A04\AXX\Starter.hpp(222,8): message : see declaration of 'Pipeline'
C:\Users\frapo\OneDrive\Documenti\AssignmentsCG\A04\AXX\Starter.hpp(280,34): warning C4099: 'DescriptorSetLayout': type name first seen using 'struct' now seen using 'class'
C:\Users\frapo\OneDrive\Documenti\AssignmentsCG\A04\AXX\Starter.hpp(214,8): message : see declaration of 'DescriptorSetLayout'
C:\Users\frapo\OneDrive\Documenti\AssignmentsCG\A04\AXX\Starter.hpp(281,28): warning C4099: 'DescriptorSet': type name first seen using 'struct' now seen using 'class'
C:\Users\frapo\OneDrive\Documenti\AssignmentsCG\A04\AXX\Starter.hpp(258,8): message : see declaration of 'DescriptorSet'
C:\Users\frapo\OneDrive\Documenti\AssignmentsCG\A04\AXX\Starter.hpp(1499,1): warning C4267: 'argument': conversion from 'size_t' to 'int', possible loss of data
C:\Users\frapo\OneDrive\Documenti\AssignmentsCG\A04\AXX\Starter.hpp(1770,39): warning C4267: 'argument': conversion from 'size_t' to '_Ty', possible loss of data
          with
          [
              _Ty=unsigned int
          ]
C:\Users\frapo\OneDrive\Documenti\AssignmentsCG\A04\AXX\Starter.hpp(2124,48): warning C4267: '=': conversion from 'size_t' to 'uint32_t', possible loss of data
C:\Users\frapo\OneDrive\Documenti\AssignmentsCG\A04\AXX\TextMaker.hpp(9,483): warning C4305: 'initializing': truncation from 'double' to 'const float'
C:\Users\frapo\OneDrive\Documenti\AssignmentsCG\A04\AXX\TextMaker.hpp(95,21): warning C4267: '+=': conversion from 'size_t' to 'int', possible loss of data
C:\Users\frapo\OneDrive\Documenti\AssignmentsCG\A04\AXX\TextMaker.hpp(104,1): warning C4305: 'initializing': truncation from 'double' to 'float'
C:\Users\frapo\OneDrive\Documenti\AssignmentsCG\A04\AXX\TextMaker.hpp(105,1): warning C4305: 'initializing': truncation from 'double' to 'float'
C:\Users\frapo\OneDrive\Documenti\AssignmentsCG\A04\AXX\TextMaker.hpp(106,1): warning C4305: 'initializing': truncation from 'double' to 'float'
C:\Users\frapo\OneDrive\Documenti\AssignmentsCG\A04\AXX\TextMaker.hpp(107,1): warning C4305: 'initializing': truncation from 'double' to 'float'
C:\Users\frapo\OneDrive\Documenti\AssignmentsCG\A04\AXX\A04.cpp(105,1): warning C4305: 'argument': truncation from 'double' to 'float'
  AXX.vcxproj -> C:\Users\frapo\OneDrive\Documenti\AssignmentsCG\A04\x64\Debug\A04.exe
